<?xml version="1.0" encoding="UTF-8"?>
<!-- Generated by org.testng.reporters.JUnitReportReporter -->
<testsuite hostname="HarshvadhansMBP" failures="0" tests="1" name="com.test.TestNGGoogle" time="17.995" errors="0" timestamp="2023-11-24T00:02:59 EST" skipped="0">
  <testcase classname="com.test.TestNGGoogle" name="TestGoogle" time="17.995"/>
  <system-out/>
</testsuite> <!-- com.test.TestNGGoogle -->
