<?xml version="1.0" encoding="UTF-8"?>
<!-- Generated by org.testng.reporters.JUnitReportReporter -->
<testsuite hostname="HarshvadhansMBP" failures="0" tests="2" name="com.test.NewTest" time="0.006" errors="0" timestamp="2023-11-23T23:27:12 EST" skipped="0">
  <testcase classname="com.test.NewTest" name="testmethod2" time="0.001"/>
  <system-out/>
  <testcase classname="com.test.NewTest" name="testmethod1" time="0.005"/>
  <system-out/>
</testsuite> <!-- com.test.NewTest -->
